<?xml version="1.0" encoding="UTF-8"?>
<robot generator="Robot 7.1.1 (Python 3.13.0 on win32)" generated="2024-12-09T11:58:08.658803" rpa="false" schemaversion="5">
<suite id="s1" name="Preenchimento Incorreto" source="c:\Users\Windows\Desktop\Curso-robot\testes\preenchimento_incorreto.robot">
<test id="s1-t1" name="Verificar se há mensagem de erro ao não preencher campo obrigatório" line="10">
<kw name="Dado que eu acesse o organa" owner="setup_teardown" type="SETUP">
<kw name="Open Browser" owner="SeleniumLibrary">
<msg time="2024-12-09T11:58:09.740008" level="INFO">Opening browser 'Chrome' to base url 'http://localhost:3000/'.</msg>
<arg>url=http://localhost:3000/</arg>
<arg>browser=Chrome</arg>
<doc>Opens a new browser instance to the optional ``url``.</doc>
<status status="PASS" start="2024-12-09T11:58:09.739432" elapsed="3.853654"/>
</kw>
<status status="PASS" start="2024-12-09T11:58:09.737488" elapsed="3.855972"/>
</kw>
<kw name="Dado que eu clique no botão criar card">
<kw name="Click Element" owner="SeleniumLibrary">
<msg time="2024-12-09T11:58:13.607460" level="INFO">Clicking element 'id:form-botao'.</msg>
<arg>${BOTAO_CARD}</arg>
<doc>Click the element identified by ``locator``.</doc>
<status status="PASS" start="2024-12-09T11:58:13.606888" elapsed="0.153271"/>
</kw>
<status status="PASS" start="2024-12-09T11:58:13.606276" elapsed="0.154238"/>
</kw>
<kw name="Então o sistema deve apresentar mensagem de campo obrigatório">
<kw name="Element Should Be Visible" owner="SeleniumLibrary">
<msg time="2024-12-09T11:58:13.854794" level="INFO">Element 'id:form-nome-erro' is displayed.</msg>
<arg>id:form-nome-erro</arg>
<doc>Verifies that the element identified by ``locator`` is visible.</doc>
<status status="PASS" start="2024-12-09T11:58:13.771259" elapsed="0.083852"/>
</kw>
<kw name="Element Should Be Visible" owner="SeleniumLibrary">
<msg time="2024-12-09T11:58:13.879491" level="INFO">Element 'id:form-cargo-erro' is displayed.</msg>
<arg>id:form-cargo-erro</arg>
<doc>Verifies that the element identified by ``locator`` is visible.</doc>
<status status="PASS" start="2024-12-09T11:58:13.855408" elapsed="0.024370"/>
</kw>
<kw name="Element Should Be Visible" owner="SeleniumLibrary">
<msg time="2024-12-09T11:58:13.971774" level="INFO">Element 'id:form-times-erro' is displayed.</msg>
<arg>id:form-times-erro</arg>
<doc>Verifies that the element identified by ``locator`` is visible.</doc>
<status status="PASS" start="2024-12-09T11:58:13.880565" elapsed="0.091515"/>
</kw>
<status status="PASS" start="2024-12-09T11:58:13.770515" elapsed="0.201778"/>
</kw>
<kw name="Fechar o navegador" owner="setup_teardown" type="TEARDOWN">
<kw name="Close Browser" owner="SeleniumLibrary">
<doc>Closes the current browser.</doc>
<status status="PASS" start="2024-12-09T11:58:13.973351" elapsed="2.191255"/>
</kw>
<status status="PASS" start="2024-12-09T11:58:13.972888" elapsed="2.191992"/>
</kw>
<status status="PASS" start="2024-12-09T11:58:09.736388" elapsed="6.429132"/>
</test>
<status status="PASS" start="2024-12-09T11:58:08.665775" elapsed="7.501531"/>
</suite>
<statistics>
<total>
<stat pass="1" fail="0" skip="0">All Tests</stat>
</total>
<tag>
</tag>
<suite>
<stat pass="1" fail="0" skip="0" id="s1" name="Preenchimento Incorreto">Preenchimento Incorreto</stat>
</suite>
</statistics>
<errors>
</errors>
</robot>
